#-----------------------------------------------------------
# Vivado v2019.1 (64-bit)
# SW Build 2552052 on Fri May 24 14:49:42 MDT 2019
# IP Build 2548770 on Fri May 24 18:01:18 MDT 2019
# Start of session at: Sat Jun 27 03:58:27 2020
# Process ID: 9344
# Current directory: C:/Users/REV/VivadoProjects/ZYNQ_DTW/ip_repo/dtw_4F_32bit_1.0/src
# Command line: vivado.exe -gui_launcher_event rodinguilauncherevent19724 C:\Users\REV\VivadoProjects\ZYNQ_DTW\ip_repo\dtw_4F_32bit_1.0\src\xbip_dsp48_macro_0.dcp
# Log file: C:/Users/REV/VivadoProjects/ZYNQ_DTW/ip_repo/dtw_4F_32bit_1.0/src/vivado.log
# Journal file: C:/Users/REV/VivadoProjects/ZYNQ_DTW/ip_repo/dtw_4F_32bit_1.0/src\vivado.jou
#-----------------------------------------------------------
start_gui
open_checkpoint C:/Users/REV/VivadoProjects/ZYNQ_DTW/ip_repo/dtw_4F_32bit_1.0/src/xbip_dsp48_macro_0.dcp
Command: open_checkpoint C:/Users/REV/VivadoProjects/ZYNQ_DTW/ip_repo/dtw_4F_32bit_1.0/src/xbip_dsp48_macro_0.dcp

Starting open_checkpoint Task

Time (s): cpu = 00:00:00 ; elapsed = 00:00:00.064 . Memory (MB): peak = 708.766 ; gain = 10.672
INFO: [IP_Flow 19-234] Refreshing IP repositories
INFO: [IP_Flow 19-1704] No user IP repositories specified
INFO: [IP_Flow 19-2313] Loaded Vivado IP repository 'C:/Xilinx/Vivado/2019.1/data/ip'.
INFO: [Device 21-403] Loading part xc7z020clg400-1
INFO: [Netlist 29-17] Analyzing 1 Unisim elements for replacement
INFO: [Netlist 29-28] Unisim Transformation completed in 0 CPU seconds
INFO: [Project 1-479] Netlist was created with Vivado 2019.1
INFO: [Project 1-570] Preparing netlist for logic optimization
Netlist sorting complete. Time (s): cpu = 00:00:00 ; elapsed = 00:00:00 . Memory (MB): peak = 1215.074 ; gain = 0.000
INFO: [Project 1-111] Unisim Transformation Summary:
No Unisim elements were transformed.

INFO: [Project 1-604] Checkpoint was created with Vivado v2019.1 (64-bit) build 2552052
open_checkpoint: Time (s): cpu = 00:00:55 ; elapsed = 00:00:33 . Memory (MB): peak = 1349.016 ; gain = 675.832
exit
INFO: [Common 17-206] Exiting Vivado at Sat Jun 27 03:59:38 2020...
